Process:         renderer [44954]
Path:            /Users/USER/*/renderer
Load Address:    0x104c21000
Identifier:      renderer
Version:         0
Code Type:       X86-64
Platform:        macOS
Parent Process:  zsh [44953]
Target Type:     live task

Date/Time:       2025-05-11 15:54:37.893 -0600
Launch Time:     2025-05-11 15:54:33.105 -0600
OS Version:      macOS 15.4.1 (24E263)
Report Version:  7
Analysis Tool:   /Applications/Xcode.app/Contents/Developer/usr/bin/leaks
Analysis Tool Version:  Xcode 16.3 (16E140)

Physical footprint:         48.9M
Physical footprint (peak):  48.9M
Idle exit:                  untracked
----

leaks Report Version: 4.0, multi-line stacks
Process 44954: 31605 nodes malloced for 13036 KB
Process 44954: 0 leaks for 0 total leaked bytes.

